This is pdfTeX, Version 3.14159265-2.6-1.40.18 (MiKTeX 2.9.6350) (preloaded format=pdflatex 2024.10.29)  20 NOV 2024 08:30
entering extended mode
**"./Specialist Maths FA1 2024.tex"
("Specialist Maths FA1 2024.tex"
LaTeX2e <2017-04-15>
Babel <3.10> and hyphenation patterns for 1 language(s) loaded.

(C:\Users\gc021263\PortableApps\CommonFiles\MiKTeX\texmfs\install\tex\latex\bas
e\article.cls
Document Class: article 2014/09/29 v1.4h Standard LaTeX document class

(C:\Users\gc021263\PortableApps\CommonFiles\MiKTeX\texmfs\install\tex\latex\bas
e\size11.clo
File: size11.clo 2014/09/29 v1.4h Standard LaTeX file (size option)
)
\c@part=\count79
\c@section=\count80
\c@subsection=\count81
\c@subsubsection=\count82
\c@paragraph=\count83
\c@subparagraph=\count84
\c@figure=\count85
\c@table=\count86
\abovecaptionskip=\skip41
\belowcaptionskip=\skip42
\bibindent=\dimen102
)
(C:\Users\gc021263\PortableApps\CommonFiles\MiKTeX\texmfs\install\tex\latex\geo
metry\geometry.sty
Package: geometry 2010/09/12 v5.6 Page Geometry

(C:\Users\gc021263\PortableApps\CommonFiles\MiKTeX\texmfs\install\tex\latex\gra
phics\keyval.sty
Package: keyval 2014/10/28 v1.15 key=value parser (DPC)
\KV@toks@=\toks14
)
(C:\Users\gc021263\PortableApps\CommonFiles\MiKTeX\texmfs\install\tex\generic\o
berdiek\ifpdf.sty
Package: ifpdf 2017/03/15 v3.2 Provides the ifpdf switch
)
(C:\Users\gc021263\PortableApps\CommonFiles\MiKTeX\texmfs\install\tex\generic\o
berdiek\ifvtex.sty
Package: ifvtex 2016/05/16 v1.6 Detect VTeX and its facilities (HO)
Package ifvtex Info: VTeX not detected.
)
(C:\Users\gc021263\PortableApps\CommonFiles\MiKTeX\texmfs\install\tex\generic\i
fxetex\ifxetex.sty
Package: ifxetex 2010/09/12 v0.6 Provides ifxetex conditional
)
\Gm@cnth=\count87
\Gm@cntv=\count88
\c@Gm@tempcnt=\count89
\Gm@bindingoffset=\dimen103
\Gm@wd@mp=\dimen104
\Gm@odd@mp=\dimen105
\Gm@even@mp=\dimen106
\Gm@layoutwidth=\dimen107
\Gm@layoutheight=\dimen108
\Gm@layouthoffset=\dimen109
\Gm@layoutvoffset=\dimen110
\Gm@dimlist=\toks15

(C:\Users\gc021263\PortableApps\CommonFiles\MiKTeX\texmfs\install\tex\latex\geo
metry\geometry.cfg))
(C:\Users\gc021263\PortableApps\CommonFiles\MiKTeX\texmfs\install\tex\latex\gra
phics\graphicx.sty
Package: graphicx 2014/10/28 v1.0g Enhanced LaTeX Graphics (DPC,SPQR)

(C:\Users\gc021263\PortableApps\CommonFiles\MiKTeX\texmfs\install\tex\latex\gra
phics\graphics.sty
Package: graphics 2017/04/14 v1.1b Standard LaTeX Graphics (DPC,SPQR)

(C:\Users\gc021263\PortableApps\CommonFiles\MiKTeX\texmfs\install\tex\latex\gra
phics\trig.sty
Package: trig 2016/01/03 v1.10 sin cos tan (DPC)
)
(C:\Users\gc021263\PortableApps\CommonFiles\MiKTeX\texmfs\install\tex\latex\gra
phics-cfg\graphics.cfg
File: graphics.cfg 2016/06/04 v1.11 sample graphics configuration
)
Package graphics Info: Driver file: pdftex.def on input line 99.

(C:\Users\gc021263\PortableApps\CommonFiles\MiKTeX\texmfs\install\tex\latex\gra
phics-def\pdftex.def
File: pdftex.def 2017/01/12 v0.06k Graphics/color for pdfTeX

(C:\Users\gc021263\PortableApps\CommonFiles\MiKTeX\texmfs\install\tex\generic\o
berdiek\infwarerr.sty
Package: infwarerr 2016/05/16 v1.4 Providing info/warning/error messages (HO)
)
(C:\Users\gc021263\PortableApps\CommonFiles\MiKTeX\texmfs\install\tex\generic\o
berdiek\ltxcmds.sty
Package: ltxcmds 2016/05/16 v1.23 LaTeX kernel commands for general use (HO)
)
\Gread@gobject=\count90
))
\Gin@req@height=\dimen111
\Gin@req@width=\dimen112
)
(C:\Users\gc021263\PortableApps\CommonFiles\MiKTeX\texmfs\install\tex\latex\too
ls\bm.sty
Package: bm 2017/01/16 v1.2c Bold Symbol Support (DPC/FMi)
\symboldoperators=\mathgroup4
\symboldletters=\mathgroup5
\symboldsymbols=\mathgroup6
LaTeX Font Info:    Redeclaring math alphabet \mathbf on input line 141.
LaTeX Info: Redefining \bm on input line 207.
) ("Specialist Maths FA1 2024.aux")
\openout1 = `"Specialist Maths FA1 2024.aux"'.

LaTeX Font Info:    Checking defaults for OML/cmm/m/it on input line 8.
LaTeX Font Info:    ... okay on input line 8.
LaTeX Font Info:    Checking defaults for T1/cmr/m/n on input line 8.
LaTeX Font Info:    ... okay on input line 8.
LaTeX Font Info:    Checking defaults for OT1/cmr/m/n on input line 8.
LaTeX Font Info:    ... okay on input line 8.
LaTeX Font Info:    Checking defaults for OMS/cmsy/m/n on input line 8.
LaTeX Font Info:    ... okay on input line 8.
LaTeX Font Info:    Checking defaults for OMX/cmex/m/n on input line 8.
LaTeX Font Info:    ... okay on input line 8.
LaTeX Font Info:    Checking defaults for U/cmr/m/n on input line 8.
LaTeX Font Info:    ... okay on input line 8.

*geometry* driver: auto-detecting
*geometry* detected driver: pdftex
*geometry* verbose mode - [ preamble ] result:
* driver: pdftex
* paper: a4paper
* layout: <same size as paper>
* layoutoffset:(h,v)=(0.0pt,0.0pt)
* modes: 
* h-part:(L,W,R)=(56.9055pt, 483.69687pt, 56.9055pt)
* v-part:(T,H,B)=(56.9055pt, 731.23584pt, 56.9055pt)
* \paperwidth=597.50787pt
* \paperheight=845.04684pt
* \textwidth=483.69687pt
* \textheight=731.23584pt
* \oddsidemargin=-15.36449pt
* \evensidemargin=-15.36449pt
* \topmargin=-52.36449pt
* \headheight=12.0pt
* \headsep=25.0pt
* \topskip=11.0pt
* \footskip=30.0pt
* \marginparwidth=59.0pt
* \marginparsep=10.0pt
* \columnsep=10.0pt
* \skip\footins=10.0pt plus 4.0pt minus 2.0pt
* \hoffset=0.0pt
* \voffset=0.0pt
* \mag=1000
* \@twocolumnfalse
* \@twosidefalse
* \@mparswitchfalse
* \@reversemarginfalse
* (1in=72.27pt=25.4mm, 1cm=28.453pt)


(C:\Users\gc021263\PortableApps\CommonFiles\MiKTeX\texmfs\install\tex\generic\o
berdiek\pdftexcmds.sty
Package: pdftexcmds 2017/03/19 v0.25 Utility functions of pdfTeX for LuaTeX (HO
)

(C:\Users\gc021263\PortableApps\CommonFiles\MiKTeX\texmfs\install\tex\generic\o
berdiek\ifluatex.sty
Package: ifluatex 2016/05/16 v1.4 Provides the ifluatex switch (HO)
Package ifluatex Info: LuaTeX not detected.
)
Package pdftexcmds Info: LuaTeX not detected.
Package pdftexcmds Info: \pdf@primitive is available.
Package pdftexcmds Info: \pdf@ifprimitive is available.
Package pdftexcmds Info: \pdfdraftmode found.
)
(C:\Users\gc021263\PortableApps\CommonFiles\MiKTeX\texmfs\install\tex\latex\obe
rdiek\epstopdf-base.sty
Package: epstopdf-base 2016/05/15 v2.6 Base part for package epstopdf

(C:\Users\gc021263\PortableApps\CommonFiles\MiKTeX\texmfs\install\tex\latex\obe
rdiek\grfext.sty
Package: grfext 2016/05/16 v1.2 Manage graphics extensions (HO)

(C:\Users\gc021263\PortableApps\CommonFiles\MiKTeX\texmfs\install\tex\generic\o
berdiek\kvdefinekeys.sty
Package: kvdefinekeys 2016/05/16 v1.4 Define keys (HO)
))
(C:\Users\gc021263\PortableApps\CommonFiles\MiKTeX\texmfs\install\tex\latex\obe
rdiek\kvoptions.sty
Package: kvoptions 2016/05/16 v3.12 Key value format for package options (HO)

(C:\Users\gc021263\PortableApps\CommonFiles\MiKTeX\texmfs\install\tex\generic\o
berdiek\kvsetkeys.sty
Package: kvsetkeys 2016/05/16 v1.17 Key value parser (HO)

(C:\Users\gc021263\PortableApps\CommonFiles\MiKTeX\texmfs\install\tex\generic\o
berdiek\etexcmds.sty
Package: etexcmds 2016/05/16 v1.6 Avoid name clashes with e-TeX commands (HO)
Package etexcmds Info: Could not find \expanded.
(etexcmds)             That can mean that you are not using pdfTeX 1.50 or
(etexcmds)             that some package has redefined \expanded.
(etexcmds)             In the latter case, load this package earlier.
)))
Package epstopdf-base Info: Redefining graphics rule for `.eps' on input line 4
38.
Package grfext Info: Graphics extension search list:
(grfext)             [.png,.pdf,.jpg,.mps,.jpeg,.jbig2,.jb2,.PNG,.PDF,.JPG,.JPE
G,.JBIG2,.JB2,.eps]
(grfext)             \AppendGraphicsExtensions on input line 456.
)
LaTeX Font Info:    External font `cmex10' loaded for size
(Font)              <12> on input line 14.
LaTeX Font Info:    External font `cmex10' loaded for size
(Font)              <8> on input line 14.
LaTeX Font Info:    External font `cmex10' loaded for size
(Font)              <6> on input line 14.
 <Images/Cave.png, id=1, 1312.905pt x 1778.645pt>
File: Images/Cave.png Graphic file (type png)

<use Images/Cave.png>
Package pdftex.def Info: Images/Cave.png used on input line 16.
(pdftex.def)             Requested size: 426.79134pt x 578.18848pt.
 [1



pdfTeX warning: pdflatex.exe (file pdftex.map): cannot open font map file
 <./Images/Cave.png (PNG copy)>] ("Specialist Maths FA1 2024.toc"
LaTeX Font Info:    External font `cmex10' loaded for size
(Font)              <10.95> on input line 2.
)
\tf@toc=\write3
\openout3 = `"Specialist Maths FA1 2024.toc"'.

 [1]
LaTeX Font Info:    Try loading font information for OMS+cmr on input line 40.

(C:\Users\gc021263\PortableApps\CommonFiles\MiKTeX\texmfs\install\tex\latex\bas
e\omscmr.fd
File: omscmr.fd 2014/09/29 v2.5h Standard LaTeX font definitions
)
LaTeX Font Info:    Font shape `OMS/cmr/m/n' in size <10.95> not available
(Font)              Font shape `OMS/cmsy/m/n' tried instead on input line 40.
 [2] [3] [4] ("Specialist Maths FA1 2024.aux") ) 
Here is how much of TeX's memory you used:
 1800 strings out of 495222
 28069 string characters out of 3179816
 90578 words of memory out of 3000000
 5074 multiletter control sequences out of 15000+200000
 12232 words of font info for 42 fonts, out of 3000000 for 9000
 14 hyphenation exceptions out of 8191
 39i,6n,32p,419b,195s stack positions out of 5000i,500n,10000p,200000b,50000s
 <C:\Users\gc021263\PortableApp
s\CommonFiles\MiKTeX\texmfs/data\fonts\pk\ljfour\public\cm\dpi600\cmmi8.pk> <C:
\Users\gc021263\PortableApps\CommonFiles\MiKTeX\texmfs/data\fonts\pk\ljfour\pub
lic\cm\dpi657\cmmi10.pk> <C:\Users\gc021263\PortableApps\CommonFiles\MiKTeX\tex
mfs/data\fonts\pk\ljfour\public\cm\dpi657\cmti10.pk> <C:\Users\gc021263\Portabl
eApps\CommonFiles\MiKTeX\texmfs/data\fonts\pk\ljfour\public\cm\dpi657\cmsy10.pk
> <C:\Users\gc021263\PortableApps\CommonFiles\MiKTeX\texmfs/data\fonts\pk\ljfou
r\public\cm\dpi600\cmbx12.pk> <C:\Users\gc021263\PortableApps\CommonFiles\MiKTe
X\texmfs/data\fonts\pk\ljfour\public\cm\dpi657\cmbx10.pk> <C:\Users\gc021263\Po
rtableApps\CommonFiles\MiKTeX\texmfs/data\fonts\pk\ljfour\public\cm\dpi720\cmbx
12.pk> <C:\Users\gc021263\PortableApps\CommonFiles\MiKTeX\texmfs/data\fonts\pk\
ljfour\public\cm\dpi657\cmr10.pk> <C:\Users\gc021263\PortableApps\CommonFiles\M
iKTeX\texmfs/data\fonts\pk\ljfour\public\cm\dpi600\cmr12.pk> <C:\Users\gc021263
\PortableApps\CommonFiles\MiKTeX\texmfs/data\fonts\pk\ljfour\public\cm\dpi600\c
mr17.pk>
Output written on "Specialist Maths FA1 2024.pdf" (5 pages, 396163 bytes).
PDF statistics:
 252 PDF objects out of 1000 (max. 8388607)
 0 named destinations out of 1000 (max. 500000)
 6 words of extra memory for PDF output out of 10000 (max. 10000000)

